android/app/build/intermediates/manifest_merge_blame_file/debug/manifest-merger-blame-debug-report.txt
1<?xml version="1.0" encoding="utf-8"?>
2<manifest xmlns:android="http://schemas.android.com/apk/res/android"
3    package="com.afsgmobile"
4    android:versionCode="4"
5    android:versionName="1.1" >
6
7    <uses-sdk
8        android:minSdkVersion="21"
9        android:targetSdkVersion="33" />
10
11    <uses-permission android:name="android.permission.SYSTEM_ALERT_WINDOW" />
11-->src/debug/AndroidManifest.xml:5:5-77
11-->src/debug/AndroidManifest.xml:5:22-75
12    <uses-permission android:name="android.permission.INTERNET" />
12-->src/main/AndroidManifest.xml:3:5-67
12-->src/main/AndroidManifest.xml:3:22-64
13    <uses-permission android:name="android.permission.ACCESS_WIFI_STATE" />
13-->[com.facebook.flipper:flipper:0.125.0] AndroidManifest.xml:16:5-76
13-->[com.facebook.flipper:flipper:0.125.0] AndroidManifest.xml:16:22-73
14    <uses-permission android:name="android.permission.WAKE_LOCK" />
14-->[:react-native-firebase_messaging] AndroidManifest.xml:10:5-68
14-->[:react-native-firebase_messaging] AndroidManifest.xml:10:22-65
15    <uses-permission android:name="android.permission.ACCESS_NETWORK_STATE" />
15-->[:react-native-firebase_messaging] AndroidManifest.xml:11:5-79
15-->[:react-native-firebase_messaging] AndroidManifest.xml:11:22-76
16    <uses-permission android:name="android.permission.RECEIVE_BOOT_COMPLETED" />
16-->[androidx.work:work-runtime:2.8.0] AndroidManifest.xml:25:5-81
16-->[androidx.work:work-runtime:2.8.0] AndroidManifest.xml:25:22-78
17    <uses-permission android:name="android.permission.FOREGROUND_SERVICE" />
17-->[androidx.work:work-runtime:2.8.0] AndroidManifest.xml:26:5-77
17-->[androidx.work:work-runtime:2.8.0] AndroidManifest.xml:26:22-74
18    <uses-permission android:name="android.permission.POST_NOTIFICATIONS" /> <!-- Required by older versions of Google Play services to create IID tokens -->
18-->[com.google.firebase:firebase-messaging:23.1.2] AndroidManifest.xml:25:5-77
18-->[com.google.firebase:firebase-messaging:23.1.2] AndroidManifest.xml:25:22-74
19    <uses-permission android:name="com.google.android.c2dm.permission.RECEIVE" />
19-->[com.google.firebase:firebase-messaging:23.1.2] AndroidManifest.xml:28:5-82
19-->[com.google.firebase:firebase-messaging:23.1.2] AndroidManifest.xml:28:22-79
20    <uses-permission android:name="android.permission.VIBRATE" />
20-->[app.notifee:core:202108261754] AndroidManifest.xml:13:5-66
20-->[app.notifee:core:202108261754] AndroidManifest.xml:13:22-63
21    <uses-permission android:name="android.permission.USE_FULL_SCREEN_INTENT" />
21-->[app.notifee:core:202108261754] AndroidManifest.xml:16:5-81
21-->[app.notifee:core:202108261754] AndroidManifest.xml:16:22-78
22    <uses-permission android:name="android.permission.SCHEDULE_EXACT_ALARM" />
22-->[app.notifee:core:202108261754] AndroidManifest.xml:17:5-79
22-->[app.notifee:core:202108261754] AndroidManifest.xml:17:22-76
23    <uses-permission
23-->[app.notifee:core:202108261754] AndroidManifest.xml:18:5-20:38
24        android:name="android.permission.BROADCAST_CLOSE_SYSTEM_DIALOGS"
24-->[app.notifee:core:202108261754] AndroidManifest.xml:19:9-73
25        android:maxSdkVersion="30" /> <!-- For Xiaomi devices to enable heads-up notifications as default (https://github.com/invertase/notifee/issues/296) -->
25-->[app.notifee:core:202108261754] AndroidManifest.xml:20:9-35
26    <uses-permission
26-->[app.notifee:core:202108261754] AndroidManifest.xml:22:5-24:38
27        android:name="android.permission.ACCESS_NOTIFICATION_POLICY"
27-->[app.notifee:core:202108261754] AndroidManifest.xml:23:9-69
28        android:minSdkVersion="23" /> <!-- for android -->
28-->[app.notifee:core:202108261754] AndroidManifest.xml:24:9-35
29    <!-- <uses-permission android:name="com.android.launcher.permission.READ_SETTINGS"/> -->
30    <!-- <uses-permission android:name="com.android.launcher.permission.WRITE_SETTINGS"/> -->
31    <!-- <uses-permission android:name="com.android.launcher.permission.INSTALL_SHORTCUT" /> -->
32    <!-- <uses-permission android:name="com.android.launcher.permission.UNINSTALL_SHORTCUT" /> -->
33    <!-- for Samsung -->
34    <uses-permission android:name="com.sec.android.provider.badge.permission.READ" />
34-->[me.leolin:ShortcutBadger:1.1.22] AndroidManifest.xml:19:5-86
34-->[me.leolin:ShortcutBadger:1.1.22] AndroidManifest.xml:19:22-83
35    <uses-permission android:name="com.sec.android.provider.badge.permission.WRITE" /> <!-- for htc -->
35-->[me.leolin:ShortcutBadger:1.1.22] AndroidManifest.xml:20:5-87
35-->[me.leolin:ShortcutBadger:1.1.22] AndroidManifest.xml:20:22-84
36    <uses-permission android:name="com.htc.launcher.permission.READ_SETTINGS" />
36-->[me.leolin:ShortcutBadger:1.1.22] AndroidManifest.xml:23:5-81
36-->[me.leolin:ShortcutBadger:1.1.22] AndroidManifest.xml:23:22-78
37    <uses-permission android:name="com.htc.launcher.permission.UPDATE_SHORTCUT" /> <!-- for sony -->
37-->[me.leolin:ShortcutBadger:1.1.22] AndroidManifest.xml:24:5-83
37-->[me.leolin:ShortcutBadger:1.1.22] AndroidManifest.xml:24:22-80
38    <uses-permission android:name="com.sonyericsson.home.permission.BROADCAST_BADGE" />
38-->[me.leolin:ShortcutBadger:1.1.22] AndroidManifest.xml:27:5-88
38-->[me.leolin:ShortcutBadger:1.1.22] AndroidManifest.xml:27:22-85
39    <uses-permission android:name="com.sonymobile.home.permission.PROVIDER_INSERT_BADGE" /> <!-- for apex -->
39-->[me.leolin:ShortcutBadger:1.1.22] AndroidManifest.xml:28:5-92
39-->[me.leolin:ShortcutBadger:1.1.22] AndroidManifest.xml:28:22-89
40    <uses-permission android:name="com.anddoes.launcher.permission.UPDATE_COUNT" /> <!-- for solid -->
40-->[me.leolin:ShortcutBadger:1.1.22] AndroidManifest.xml:31:5-84
40-->[me.leolin:ShortcutBadger:1.1.22] AndroidManifest.xml:31:22-81
41    <uses-permission android:name="com.majeur.launcher.permission.UPDATE_BADGE" /> <!-- for huawei -->
41-->[me.leolin:ShortcutBadger:1.1.22] AndroidManifest.xml:34:5-83
41-->[me.leolin:ShortcutBadger:1.1.22] AndroidManifest.xml:34:22-80
42    <uses-permission android:name="com.huawei.android.launcher.permission.CHANGE_BADGE" />
42-->[me.leolin:ShortcutBadger:1.1.22] AndroidManifest.xml:37:5-91
42-->[me.leolin:ShortcutBadger:1.1.22] AndroidManifest.xml:37:22-88
43    <uses-permission android:name="com.huawei.android.launcher.permission.READ_SETTINGS" />
43-->[me.leolin:ShortcutBadger:1.1.22] AndroidManifest.xml:38:5-92
43-->[me.leolin:ShortcutBadger:1.1.22] AndroidManifest.xml:38:22-89
44    <uses-permission android:name="com.huawei.android.launcher.permission.WRITE_SETTINGS" /> <!-- for ZUK -->
44-->[me.leolin:ShortcutBadger:1.1.22] AndroidManifest.xml:39:5-93
44-->[me.leolin:ShortcutBadger:1.1.22] AndroidManifest.xml:39:22-90
45    <uses-permission android:name="android.permission.READ_APP_BADGE" /> <!-- for OPPO -->
45-->[me.leolin:ShortcutBadger:1.1.22] AndroidManifest.xml:42:5-73
45-->[me.leolin:ShortcutBadger:1.1.22] AndroidManifest.xml:42:22-70
46    <uses-permission android:name="com.oppo.launcher.permission.READ_SETTINGS" />
46-->[me.leolin:ShortcutBadger:1.1.22] AndroidManifest.xml:45:5-82
46-->[me.leolin:ShortcutBadger:1.1.22] AndroidManifest.xml:45:22-79
47    <uses-permission android:name="com.oppo.launcher.permission.WRITE_SETTINGS" /> <!-- for EvMe -->
47-->[me.leolin:ShortcutBadger:1.1.22] AndroidManifest.xml:46:5-83
47-->[me.leolin:ShortcutBadger:1.1.22] AndroidManifest.xml:46:22-80
48    <uses-permission android:name="me.everything.badger.permission.BADGE_COUNT_READ" />
48-->[me.leolin:ShortcutBadger:1.1.22] AndroidManifest.xml:49:5-88
48-->[me.leolin:ShortcutBadger:1.1.22] AndroidManifest.xml:49:22-85
49    <uses-permission android:name="me.everything.badger.permission.BADGE_COUNT_WRITE" />
49-->[me.leolin:ShortcutBadger:1.1.22] AndroidManifest.xml:50:5-89
49-->[me.leolin:ShortcutBadger:1.1.22] AndroidManifest.xml:50:22-86
50
51    <application
51-->src/main/AndroidManifest.xml:5:5-24:19
52        android:name="com.afsgmobile.MainApplication"
52-->src/main/AndroidManifest.xml:6:7-38
53        android:allowBackup="false"
53-->src/main/AndroidManifest.xml:10:7-34
54        android:appComponentFactory="androidx.core.app.CoreComponentFactory"
54-->[androidx.core:core:1.7.0] AndroidManifest.xml:24:18-86
55        android:debuggable="true"
56        android:icon="@mipmap/ic_launcher"
56-->src/main/AndroidManifest.xml:8:7-41
57        android:label="@string/app_name"
57-->src/main/AndroidManifest.xml:7:7-39
58        android:roundIcon="@mipmap/ic_launcher_round"
58-->src/main/AndroidManifest.xml:9:7-52
59        android:theme="@style/AppTheme"
59-->src/main/AndroidManifest.xml:11:7-38
60        android:usesCleartextTraffic="true" >
60-->src/debug/AndroidManifest.xml:8:9-44
61        <activity
61-->src/debug/AndroidManifest.xml:11:9-111
62            android:name="com.facebook.react.devsupport.DevSettingsActivity"
62-->src/debug/AndroidManifest.xml:11:19-83
63            android:exported="false" />
63-->src/debug/AndroidManifest.xml:11:84-108
64        <activity
64-->src/main/AndroidManifest.xml:12:7-23:18
65            android:name="com.afsgmobile.MainActivity"
65-->src/main/AndroidManifest.xml:13:9-37
66            android:configChanges="keyboard|keyboardHidden|orientation|screenLayout|screenSize|smallestScreenSize|uiMode"
66-->src/main/AndroidManifest.xml:15:9-118
67            android:exported="true"
67-->src/main/AndroidManifest.xml:18:9-32
68            android:label="@string/app_name"
68-->src/main/AndroidManifest.xml:14:9-41
69            android:launchMode="singleTask"
69-->src/main/AndroidManifest.xml:16:9-40
70            android:windowSoftInputMode="adjustResize" >
70-->src/main/AndroidManifest.xml:17:9-51
71            <intent-filter>
71-->src/main/AndroidManifest.xml:19:9-22:25
72                <action android:name="android.intent.action.MAIN" />
72-->src/main/AndroidManifest.xml:20:13-65
72-->src/main/AndroidManifest.xml:20:21-62
73
74                <category android:name="android.intent.category.LAUNCHER" />
74-->src/main/AndroidManifest.xml:21:13-73
74-->src/main/AndroidManifest.xml:21:23-70
75            </intent-filter>
76        </activity>
77
78        <provider
78-->[:notifee_react-native] AndroidManifest.xml:10:9-14:40
79            android:name="io.invertase.notifee.NotifeeInitProvider"
79-->[:notifee_react-native] AndroidManifest.xml:11:13-68
80            android:authorities="com.afsgmobile.notifee-init-provider"
80-->[:notifee_react-native] AndroidManifest.xml:12:13-73
81            android:exported="false"
81-->[:notifee_react-native] AndroidManifest.xml:13:13-37
82            android:initOrder="-100" />
82-->[:notifee_react-native] AndroidManifest.xml:14:13-37
83
84        <service
84-->[:react-native-firebase_messaging] AndroidManifest.xml:14:9-16:40
85            android:name="io.invertase.firebase.messaging.ReactNativeFirebaseMessagingHeadlessService"
85-->[:react-native-firebase_messaging] AndroidManifest.xml:15:13-103
86            android:exported="false" />
86-->[:react-native-firebase_messaging] AndroidManifest.xml:16:13-37
87        <service
87-->[:react-native-firebase_messaging] AndroidManifest.xml:17:9-23:19
88            android:name="io.invertase.firebase.messaging.ReactNativeFirebaseMessagingService"
88-->[:react-native-firebase_messaging] AndroidManifest.xml:18:13-95
89            android:exported="false" >
89-->[:react-native-firebase_messaging] AndroidManifest.xml:19:13-37
90            <intent-filter>
90-->[:react-native-firebase_messaging] AndroidManifest.xml:20:13-22:29
91                <action android:name="com.google.firebase.MESSAGING_EVENT" />
91-->[:react-native-firebase_messaging] AndroidManifest.xml:21:17-78
91-->[:react-native-firebase_messaging] AndroidManifest.xml:21:25-75
92            </intent-filter>
93        </service>
94
95        <receiver
95-->[:react-native-firebase_messaging] AndroidManifest.xml:25:9-32:20
96            android:name="io.invertase.firebase.messaging.ReactNativeFirebaseMessagingReceiver"
96-->[:react-native-firebase_messaging] AndroidManifest.xml:26:13-96
97            android:exported="true"
97-->[:react-native-firebase_messaging] AndroidManifest.xml:27:13-36
98            android:permission="com.google.android.c2dm.permission.SEND" >
98-->[:react-native-firebase_messaging] AndroidManifest.xml:28:13-73
99            <intent-filter>
99-->[:react-native-firebase_messaging] AndroidManifest.xml:29:13-31:29
100                <action android:name="com.google.android.c2dm.intent.RECEIVE" />
100-->[:react-native-firebase_messaging] AndroidManifest.xml:30:17-81
100-->[:react-native-firebase_messaging] AndroidManifest.xml:30:25-78
101            </intent-filter>
102        </receiver>
103
104        <meta-data
104-->[:react-native-firebase_messaging] AndroidManifest.xml:34:9-36:37
105            android:name="firebase_messaging_auto_init_enabled"
105-->[:react-native-firebase_messaging] AndroidManifest.xml:35:13-64
106            android:value="false" />
106-->[:react-native-firebase_messaging] AndroidManifest.xml:36:13-34
107        <meta-data
107-->[:react-native-firebase_messaging] AndroidManifest.xml:37:9-39:32
108            android:name="com.google.firebase.messaging.default_notification_channel_id"
108-->[:react-native-firebase_messaging] AndroidManifest.xml:38:13-89
109            android:value="" />
109-->[:react-native-firebase_messaging] AndroidManifest.xml:39:13-29
110        <meta-data
110-->[:react-native-firebase_messaging] AndroidManifest.xml:40:9-42:47
111            android:name="com.google.firebase.messaging.default_notification_color"
111-->[:react-native-firebase_messaging] AndroidManifest.xml:41:13-84
112            android:resource="@color/white" />
112-->[:react-native-firebase_messaging] AndroidManifest.xml:42:13-44
113        <meta-data
113-->[:react-native-firebase_app] AndroidManifest.xml:11:9-13:36
114            android:name="app_data_collection_default_enabled"
114-->[:react-native-firebase_app] AndroidManifest.xml:12:13-63
115            android:value="true" />
115-->[:react-native-firebase_app] AndroidManifest.xml:13:13-33
116
117        <service
117-->[:react-native-firebase_app] AndroidManifest.xml:15:9-23:19
118            android:name="com.google.firebase.components.ComponentDiscoveryService"
118-->[:react-native-firebase_app] AndroidManifest.xml:16:13-84
119            android:directBootAware="true"
119-->[:react-native-firebase_app] AndroidManifest.xml:17:13-43
120            android:exported="false" >
120-->[:react-native-firebase_app] AndroidManifest.xml:18:13-37
121            <meta-data
121-->[:react-native-firebase_app] AndroidManifest.xml:20:13-22:85
122                android:name="com.google.firebase.components:io.invertase.firebase.app.ReactNativeFirebaseAppRegistrar"
122-->[:react-native-firebase_app] AndroidManifest.xml:21:17-120
123                android:value="com.google.firebase.components.ComponentRegistrar" />
123-->[:react-native-firebase_app] AndroidManifest.xml:22:17-82
124            <meta-data
124-->[com.google.firebase:firebase-messaging:23.1.2] AndroidManifest.xml:55:13-57:85
125                android:name="com.google.firebase.components:com.google.firebase.messaging.FirebaseMessagingRegistrar"
125-->[com.google.firebase:firebase-messaging:23.1.2] AndroidManifest.xml:56:17-119
126                android:value="com.google.firebase.components.ComponentRegistrar" />
126-->[com.google.firebase:firebase-messaging:23.1.2] AndroidManifest.xml:57:17-82
127            <meta-data
127-->[com.google.firebase:firebase-datatransport:18.1.7] AndroidManifest.xml:27:13-29:85
128                android:name="com.google.firebase.components:com.google.firebase.datatransport.TransportRegistrar"
128-->[com.google.firebase:firebase-datatransport:18.1.7] AndroidManifest.xml:28:17-115
129                android:value="com.google.firebase.components.ComponentRegistrar" />
129-->[com.google.firebase:firebase-datatransport:18.1.7] AndroidManifest.xml:29:17-82
130            <meta-data
130-->[com.google.firebase:firebase-installations:17.1.3] AndroidManifest.xml:17:13-19:85
131                android:name="com.google.firebase.components:com.google.firebase.installations.FirebaseInstallationsRegistrar"
131-->[com.google.firebase:firebase-installations:17.1.3] AndroidManifest.xml:18:17-127
132                android:value="com.google.firebase.components.ComponentRegistrar" />
132-->[com.google.firebase:firebase-installations:17.1.3] AndroidManifest.xml:19:17-82
133        </service>
134
135        <provider
135-->[:react-native-firebase_app] AndroidManifest.xml:25:9-29:38
136            android:name="io.invertase.firebase.app.ReactNativeFirebaseAppInitProvider"
136-->[:react-native-firebase_app] AndroidManifest.xml:26:13-88
137            android:authorities="com.afsgmobile.reactnativefirebaseappinitprovider"
137-->[:react-native-firebase_app] AndroidManifest.xml:27:13-86
138            android:exported="false"
138-->[:react-native-firebase_app] AndroidManifest.xml:28:13-37
139            android:initOrder="99" />
139-->[:react-native-firebase_app] AndroidManifest.xml:29:13-35
140        <provider
140-->[:react-native-webview] AndroidManifest.xml:10:9-18:20
141            android:name="com.reactnativecommunity.webview.RNCWebViewFileProvider"
141-->[:react-native-webview] AndroidManifest.xml:11:13-83
142            android:authorities="com.afsgmobile.fileprovider"
142-->[:react-native-webview] AndroidManifest.xml:12:13-64
143            android:exported="false"
143-->[:react-native-webview] AndroidManifest.xml:13:13-37
144            android:grantUriPermissions="true" >
144-->[:react-native-webview] AndroidManifest.xml:14:13-47
145            <meta-data
145-->[:react-native-webview] AndroidManifest.xml:15:13-17:63
146                android:name="android.support.FILE_PROVIDER_PATHS"
146-->[:react-native-webview] AndroidManifest.xml:16:17-67
147                android:resource="@xml/file_provider_paths" />
147-->[:react-native-webview] AndroidManifest.xml:17:17-60
148        </provider>
149        <provider
149-->[androidx.work:work-runtime:2.8.0] AndroidManifest.xml:29:9-37:20
150            android:name="androidx.startup.InitializationProvider"
150-->[androidx.work:work-runtime:2.8.0] AndroidManifest.xml:30:13-67
151            android:authorities="com.afsgmobile.androidx-startup"
151-->[androidx.work:work-runtime:2.8.0] AndroidManifest.xml:31:13-68
152            android:exported="false" >
152-->[androidx.work:work-runtime:2.8.0] AndroidManifest.xml:32:13-37
153            <meta-data
153-->[androidx.work:work-runtime:2.8.0] AndroidManifest.xml:34:13-36:52
154                android:name="androidx.work.WorkManagerInitializer"
154-->[androidx.work:work-runtime:2.8.0] AndroidManifest.xml:35:17-68
155                android:value="androidx.startup" />
155-->[androidx.work:work-runtime:2.8.0] AndroidManifest.xml:36:17-49
156            <meta-data
156-->[androidx.emoji2:emoji2:1.0.0] AndroidManifest.xml:31:13-33:52
157                android:name="androidx.emoji2.text.EmojiCompatInitializer"
157-->[androidx.emoji2:emoji2:1.0.0] AndroidManifest.xml:32:17-75
158                android:value="androidx.startup" />
158-->[androidx.emoji2:emoji2:1.0.0] AndroidManifest.xml:33:17-49
159            <meta-data
159-->[androidx.lifecycle:lifecycle-process:2.4.0] AndroidManifest.xml:31:13-33:52
160                android:name="androidx.lifecycle.ProcessLifecycleInitializer"
160-->[androidx.lifecycle:lifecycle-process:2.4.0] AndroidManifest.xml:32:17-78
161                android:value="androidx.startup" />
161-->[androidx.lifecycle:lifecycle-process:2.4.0] AndroidManifest.xml:33:17-49
162        </provider>
163
164        <service
164-->[androidx.work:work-runtime:2.8.0] AndroidManifest.xml:39:9-45:35
165            android:name="androidx.work.impl.background.systemalarm.SystemAlarmService"
165-->[androidx.work:work-runtime:2.8.0] AndroidManifest.xml:40:13-88
166            android:directBootAware="false"
166-->[androidx.work:work-runtime:2.8.0] AndroidManifest.xml:41:13-44
167            android:enabled="@bool/enable_system_alarm_service_default"
167-->[androidx.work:work-runtime:2.8.0] AndroidManifest.xml:42:13-72
168            android:exported="false" />
168-->[androidx.work:work-runtime:2.8.0] AndroidManifest.xml:43:13-37
169        <service
169-->[androidx.work:work-runtime:2.8.0] AndroidManifest.xml:46:9-52:35
170            android:name="androidx.work.impl.background.systemjob.SystemJobService"
170-->[androidx.work:work-runtime:2.8.0] AndroidManifest.xml:47:13-84
171            android:directBootAware="false"
171-->[androidx.work:work-runtime:2.8.0] AndroidManifest.xml:48:13-44
172            android:enabled="@bool/enable_system_job_service_default"
172-->[androidx.work:work-runtime:2.8.0] AndroidManifest.xml:49:13-70
173            android:exported="true"
173-->[androidx.work:work-runtime:2.8.0] AndroidManifest.xml:50:13-36
174            android:permission="android.permission.BIND_JOB_SERVICE" />
174-->[androidx.work:work-runtime:2.8.0] AndroidManifest.xml:51:13-69
175        <service
175-->[androidx.work:work-runtime:2.8.0] AndroidManifest.xml:53:9-59:35
176            android:name="androidx.work.impl.foreground.SystemForegroundService"
176-->[androidx.work:work-runtime:2.8.0] AndroidManifest.xml:54:13-81
177            android:directBootAware="false"
177-->[androidx.work:work-runtime:2.8.0] AndroidManifest.xml:55:13-44
178            android:enabled="@bool/enable_system_foreground_service_default"
178-->[androidx.work:work-runtime:2.8.0] AndroidManifest.xml:56:13-77
179            android:exported="false" />
179-->[androidx.work:work-runtime:2.8.0] AndroidManifest.xml:57:13-37
180
181        <receiver
181-->[androidx.work:work-runtime:2.8.0] AndroidManifest.xml:61:9-66:35
182            android:name="androidx.work.impl.utils.ForceStopRunnable$BroadcastReceiver"
182-->[androidx.work:work-runtime:2.8.0] AndroidManifest.xml:62:13-88
183            android:directBootAware="false"
183-->[androidx.work:work-runtime:2.8.0] AndroidManifest.xml:63:13-44
184            android:enabled="true"
184-->[androidx.work:work-runtime:2.8.0] AndroidManifest.xml:64:13-35
185            android:exported="false" />
185-->[androidx.work:work-runtime:2.8.0] AndroidManifest.xml:65:13-37
186        <receiver
186-->[androidx.work:work-runtime:2.8.0] AndroidManifest.xml:67:9-77:20
187            android:name="androidx.work.impl.background.systemalarm.ConstraintProxy$BatteryChargingProxy"
187-->[androidx.work:work-runtime:2.8.0] AndroidManifest.xml:68:13-106
188            android:directBootAware="false"
188-->[androidx.work:work-runtime:2.8.0] AndroidManifest.xml:69:13-44
189            android:enabled="false"
189-->[androidx.work:work-runtime:2.8.0] AndroidManifest.xml:70:13-36
190            android:exported="false" >
190-->[androidx.work:work-runtime:2.8.0] AndroidManifest.xml:71:13-37
191            <intent-filter>
191-->[androidx.work:work-runtime:2.8.0] AndroidManifest.xml:73:13-76:29
192                <action android:name="android.intent.action.ACTION_POWER_CONNECTED" />
192-->[androidx.work:work-runtime:2.8.0] AndroidManifest.xml:74:17-87
192-->[androidx.work:work-runtime:2.8.0] AndroidManifest.xml:74:25-84
193                <action android:name="android.intent.action.ACTION_POWER_DISCONNECTED" />
193-->[androidx.work:work-runtime:2.8.0] AndroidManifest.xml:75:17-90
193-->[androidx.work:work-runtime:2.8.0] AndroidManifest.xml:75:25-87
194            </intent-filter>
195        </receiver>
196        <receiver
196-->[androidx.work:work-runtime:2.8.0] AndroidManifest.xml:78:9-88:20
197            android:name="androidx.work.impl.background.systemalarm.ConstraintProxy$BatteryNotLowProxy"
197-->[androidx.work:work-runtime:2.8.0] AndroidManifest.xml:79:13-104
198            android:directBootAware="false"
198-->[androidx.work:work-runtime:2.8.0] AndroidManifest.xml:80:13-44
199            android:enabled="false"
199-->[androidx.work:work-runtime:2.8.0] AndroidManifest.xml:81:13-36
200            android:exported="false" >
200-->[androidx.work:work-runtime:2.8.0] AndroidManifest.xml:82:13-37
201            <intent-filter>
201-->[androidx.work:work-runtime:2.8.0] AndroidManifest.xml:84:13-87:29
202                <action android:name="android.intent.action.BATTERY_OKAY" />
202-->[androidx.work:work-runtime:2.8.0] AndroidManifest.xml:85:17-77
202-->[androidx.work:work-runtime:2.8.0] AndroidManifest.xml:85:25-74
203                <action android:name="android.intent.action.BATTERY_LOW" />
203-->[androidx.work:work-runtime:2.8.0] AndroidManifest.xml:86:17-76
203-->[androidx.work:work-runtime:2.8.0] AndroidManifest.xml:86:25-73
204            </intent-filter>
205        </receiver>
206        <receiver
206-->[androidx.work:work-runtime:2.8.0] AndroidManifest.xml:89:9-99:20
207            android:name="androidx.work.impl.background.systemalarm.ConstraintProxy$StorageNotLowProxy"
207-->[androidx.work:work-runtime:2.8.0] AndroidManifest.xml:90:13-104
208            android:directBootAware="false"
208-->[androidx.work:work-runtime:2.8.0] AndroidManifest.xml:91:13-44
209            android:enabled="false"
209-->[androidx.work:work-runtime:2.8.0] AndroidManifest.xml:92:13-36
210            android:exported="false" >
210-->[androidx.work:work-runtime:2.8.0] AndroidManifest.xml:93:13-37
211            <intent-filter>
211-->[androidx.work:work-runtime:2.8.0] AndroidManifest.xml:95:13-98:29
212                <action android:name="android.intent.action.DEVICE_STORAGE_LOW" />
212-->[androidx.work:work-runtime:2.8.0] AndroidManifest.xml:96:17-83
212-->[androidx.work:work-runtime:2.8.0] AndroidManifest.xml:96:25-80
213                <action android:name="android.intent.action.DEVICE_STORAGE_OK" />
213-->[androidx.work:work-runtime:2.8.0] AndroidManifest.xml:97:17-82
213-->[androidx.work:work-runtime:2.8.0] AndroidManifest.xml:97:25-79
214            </intent-filter>
215        </receiver>
216        <receiver
216-->[androidx.work:work-runtime:2.8.0] AndroidManifest.xml:100:9-109:20
217            android:name="androidx.work.impl.background.systemalarm.ConstraintProxy$NetworkStateProxy"
217-->[androidx.work:work-runtime:2.8.0] AndroidManifest.xml:101:13-103
218            android:directBootAware="false"
218-->[androidx.work:work-runtime:2.8.0] AndroidManifest.xml:102:13-44
219            android:enabled="false"
219-->[androidx.work:work-runtime:2.8.0] AndroidManifest.xml:103:13-36
220            android:exported="false" >
220-->[androidx.work:work-runtime:2.8.0] AndroidManifest.xml:104:13-37
221            <intent-filter>
221-->[androidx.work:work-runtime:2.8.0] AndroidManifest.xml:106:13-108:29
222                <action android:name="android.net.conn.CONNECTIVITY_CHANGE" />
222-->[androidx.work:work-runtime:2.8.0] AndroidManifest.xml:107:17-79
222-->[androidx.work:work-runtime:2.8.0] AndroidManifest.xml:107:25-76
223            </intent-filter>
224        </receiver>
225        <receiver
225-->[androidx.work:work-runtime:2.8.0] AndroidManifest.xml:110:9-121:20
226            android:name="androidx.work.impl.background.systemalarm.RescheduleReceiver"
226-->[androidx.work:work-runtime:2.8.0] AndroidManifest.xml:111:13-88
227            android:directBootAware="false"
227-->[androidx.work:work-runtime:2.8.0] AndroidManifest.xml:112:13-44
228            android:enabled="false"
228-->[androidx.work:work-runtime:2.8.0] AndroidManifest.xml:113:13-36
229            android:exported="false" >
229-->[androidx.work:work-runtime:2.8.0] AndroidManifest.xml:114:13-37
230            <intent-filter>
230-->[androidx.work:work-runtime:2.8.0] AndroidManifest.xml:116:13-120:29
231                <action android:name="android.intent.action.BOOT_COMPLETED" />
231-->[androidx.work:work-runtime:2.8.0] AndroidManifest.xml:117:17-79
231-->[androidx.work:work-runtime:2.8.0] AndroidManifest.xml:117:25-76
232                <action android:name="android.intent.action.TIME_SET" />
232-->[androidx.work:work-runtime:2.8.0] AndroidManifest.xml:118:17-73
232-->[androidx.work:work-runtime:2.8.0] AndroidManifest.xml:118:25-70
233                <action android:name="android.intent.action.TIMEZONE_CHANGED" />
233-->[androidx.work:work-runtime:2.8.0] AndroidManifest.xml:119:17-81
233-->[androidx.work:work-runtime:2.8.0] AndroidManifest.xml:119:25-78
234            </intent-filter>
235        </receiver>
236        <receiver
236-->[androidx.work:work-runtime:2.8.0] AndroidManifest.xml:122:9-131:20
237            android:name="androidx.work.impl.background.systemalarm.ConstraintProxyUpdateReceiver"
237-->[androidx.work:work-runtime:2.8.0] AndroidManifest.xml:123:13-99
238            android:directBootAware="false"
238-->[androidx.work:work-runtime:2.8.0] AndroidManifest.xml:124:13-44
239            android:enabled="@bool/enable_system_alarm_service_default"
239-->[androidx.work:work-runtime:2.8.0] AndroidManifest.xml:125:13-72
240            android:exported="false" >
240-->[androidx.work:work-runtime:2.8.0] AndroidManifest.xml:126:13-37
241            <intent-filter>
241-->[androidx.work:work-runtime:2.8.0] AndroidManifest.xml:128:13-130:29
242                <action android:name="androidx.work.impl.background.systemalarm.UpdateProxies" />
242-->[androidx.work:work-runtime:2.8.0] AndroidManifest.xml:129:17-98
242-->[androidx.work:work-runtime:2.8.0] AndroidManifest.xml:129:25-95
243            </intent-filter>
244        </receiver>
245        <receiver
245-->[androidx.work:work-runtime:2.8.0] AndroidManifest.xml:132:9-142:20
246            android:name="androidx.work.impl.diagnostics.DiagnosticsReceiver"
246-->[androidx.work:work-runtime:2.8.0] AndroidManifest.xml:133:13-78
247            android:directBootAware="false"
247-->[androidx.work:work-runtime:2.8.0] AndroidManifest.xml:134:13-44
248            android:enabled="true"
248-->[androidx.work:work-runtime:2.8.0] AndroidManifest.xml:135:13-35
249            android:exported="true"
249-->[androidx.work:work-runtime:2.8.0] AndroidManifest.xml:136:13-36